WARNING: sun.reflect.Reflection.getCallerClass is not supported. This will impact performance.
Username : Thunder
Password : Gurme@123
Parent directory exists: false
File exists: false
Current permissions: [GROUP_READ, OTHERS_EXECUTE, OTHERS_READ, OWNER_EXECUTE, OWNER_WRITE, OWNER_READ, GROUP_EXECUTE]
Screenshot saved to: /app/Captcha_ScreenShot/captcha.png
Captcha solved: HBWE
Script run count: 1
Username : akashh3
Password : Dream@9556
Parent directory exists: true
File exists: true
Current permissions: [GROUP_READ, OTHERS_EXECUTE, OTHERS_READ, OWNER_EXECUTE, OWNER_WRITE, OWNER_READ, GROUP_EXECUTE]
Screenshot saved to: /app/Captcha_ScreenShot/captcha.png
Captcha solved: mmwgm
Downloaded file deleted successfully.
Downloaded file deleted successfully.
Downloaded file deleted successfully.
Script run count: 2
Username : Thunder
Password : Gurme@123
Parent directory exists: true
File exists: true
Current permissions: [GROUP_READ, OTHERS_EXECUTE, OTHERS_READ, OWNER_EXECUTE, OWNER_WRITE, OWNER_READ, GROUP_EXECUTE]
Screenshot saved to: /app/Captcha_ScreenShot/captcha.png
Captcha solved: ZUHYU
Downloaded file deleted successfully.
Downloaded file deleted successfully.
Downloaded file deleted successfully.
Script run count: 3
Username : akashh3
Password : Dream@9556
Parent directory exists: true
File exists: true
Current permissions: [GROUP_READ, OTHERS_EXECUTE, OTHERS_READ, OWNER_EXECUTE, OWNER_WRITE, OWNER_READ, GROUP_EXECUTE]
Screenshot saved to: /app/Captcha_ScreenShot/captcha.png
Captcha solved: kulud
Downloaded file deleted successfully.
Downloaded file deleted successfully.
Downloaded file deleted successfully.
Script run count: 4
Username : Thunder
Password : Gurme@123
Parent directory exists: true
File exists: true
Current permissions: [GROUP_READ, OTHERS_EXECUTE, OTHERS_READ, OWNER_EXECUTE, OWNER_WRITE, OWNER_READ, GROUP_EXECUTE]
Screenshot saved to: /app/Captcha_ScreenShot/captcha.png
Captcha solved: qfugs
Downloaded file deleted successfully.
Downloaded file deleted successfully.
Downloaded file deleted successfully.
Script run count: 5
Username : akashh3
Password : Dream@9556
Parent directory exists: true
File exists: true
Current permissions: [GROUP_READ, OTHERS_EXECUTE, OTHERS_READ, OWNER_EXECUTE, OWNER_WRITE, OWNER_READ, GROUP_EXECUTE]
Screenshot saved to: /app/Captcha_ScreenShot/captcha.png
Captcha solved: vpjkt
Downloaded file deleted successfully.
Downloaded file deleted successfully.
Downloaded file deleted successfully.
Script run count: 6
Username : Thunder
Password : Gurme@123
Parent directory exists: true
File exists: true
Current permissions: [GROUP_READ, OTHERS_EXECUTE, OTHERS_READ, OWNER_EXECUTE, OWNER_WRITE, OWNER_READ, GROUP_EXECUTE]
Screenshot saved to: /app/Captcha_ScreenShot/captcha.png
Captcha solved: izmse
Downloaded file deleted successfully.
Downloaded file deleted successfully.
Downloaded file deleted successfully.
Script run count: 7
Username : akashh3
Password : Dream@9556
Parent directory exists: true
File exists: true
Current permissions: [GROUP_READ, OTHERS_EXECUTE, OTHERS_READ, OWNER_EXECUTE, OWNER_WRITE, OWNER_READ, GROUP_EXECUTE]
Screenshot saved to: /app/Captcha_ScreenShot/captcha.png
Captcha solved: tavna
Downloaded file deleted successfully.
Downloaded file deleted successfully.
Downloaded file deleted successfully.
Script run count: 8
Username : Thunder
Password : Gurme@123
Parent directory exists: true
File exists: true
Current permissions: [GROUP_READ, OTHERS_EXECUTE, OTHERS_READ, OWNER_EXECUTE, OWNER_WRITE, OWNER_READ, GROUP_EXECUTE]
Screenshot saved to: /app/Captcha_ScreenShot/captcha.png
Captcha solved: fsamb
Downloaded file deleted successfully.
Downloaded file deleted successfully.
Downloaded file deleted successfully.
Script run count: 9
Username : akashh3
Password : Dream@9556
Parent directory exists: true
File exists: true
Current permissions: [GROUP_READ, OTHERS_EXECUTE, OTHERS_READ, OWNER_EXECUTE, OWNER_WRITE, OWNER_READ, GROUP_EXECUTE]
Screenshot saved to: /app/Captcha_ScreenShot/captcha.png
Captcha solved: cyakl
Downloaded file deleted successfully.
Downloaded file deleted successfully.
Downloaded file deleted successfully.
Script run count: 10
Username : Thunder
Password : Gurme@123
Parent directory exists: true
File exists: true
Current permissions: [GROUP_READ, OTHERS_EXECUTE, OTHERS_READ, OWNER_EXECUTE, OWNER_WRITE, OWNER_READ, GROUP_EXECUTE]
Screenshot saved to: /app/Captcha_ScreenShot/captcha.png
Captcha solved: mbtyp
Downloaded file deleted successfully.
Downloaded file deleted successfully.
Downloaded file deleted successfully.
Script run count: 11
Username : akashh3
Password : Dream@9556
Parent directory exists: true
File exists: true
Current permissions: [GROUP_READ, OTHERS_EXECUTE, OTHERS_READ, OWNER_EXECUTE, OWNER_WRITE, OWNER_READ, GROUP_EXECUTE]
Screenshot saved to: /app/Captcha_ScreenShot/captcha.png
Captcha solved: kuzns
Downloaded file deleted successfully.
Downloaded file deleted successfully.
Downloaded file deleted successfully.
Script run count: 12
Username : Thunder
Password : Gurme@123
Parent directory exists: true
File exists: true
Current permissions: [GROUP_READ, OTHERS_EXECUTE, OTHERS_READ, OWNER_EXECUTE, OWNER_WRITE, OWNER_READ, GROUP_EXECUTE]
Screenshot saved to: /app/Captcha_ScreenShot/captcha.png
Captcha solved: dhkyz
Downloaded file deleted successfully.
Downloaded file deleted successfully.
Downloaded file deleted successfully.
Script run count: 13
Username : akashh3
Password : Dream@9556
Parent directory exists: true
File exists: true
Current permissions: [GROUP_READ, OTHERS_EXECUTE, OTHERS_READ, OWNER_EXECUTE, OWNER_WRITE, OWNER_READ, GROUP_EXECUTE]
Screenshot saved to: /app/Captcha_ScreenShot/captcha.png
Captcha solved: vnemn
Downloaded file deleted successfully.
Downloaded file deleted successfully.
Downloaded file deleted successfully.
Script run count: 14
Username : Thunder
Password : Gurme@123
Parent directory exists: true
File exists: true
Current permissions: [GROUP_READ, OTHERS_EXECUTE, OTHERS_READ, OWNER_EXECUTE, OWNER_WRITE, OWNER_READ, GROUP_EXECUTE]
Screenshot saved to: /app/Captcha_ScreenShot/captcha.png
Captcha solved: nepav
Downloaded file deleted successfully.
Downloaded file deleted successfully.
Downloaded file deleted successfully.
Script run count: 15
Username : akashh3
Password : Dream@9556
Parent directory exists: true
File exists: true
Current permissions: [GROUP_READ, OTHERS_EXECUTE, OTHERS_READ, OWNER_EXECUTE, OWNER_WRITE, OWNER_READ, GROUP_EXECUTE]
Screenshot saved to: /app/Captcha_ScreenShot/captcha.png
Captcha solved: ufccs
Downloaded file deleted successfully.
Downloaded file deleted successfully.
Downloaded file deleted successfully.
Script run count: 16
Username : Thunder
Password : Gurme@123
Parent directory exists: true
File exists: true
Current permissions: [GROUP_READ, OTHERS_EXECUTE, OTHERS_READ, OWNER_EXECUTE, OWNER_WRITE, OWNER_READ, GROUP_EXECUTE]
Screenshot saved to: /app/Captcha_ScreenShot/captcha.png
Captcha solved: tqpth
Downloaded file deleted successfully.
Downloaded file deleted successfully.
Downloaded file deleted successfully.
Script run count: 17
Username : akashh3
Password : Dream@9556
Parent directory exists: true
File exists: true
Current permissions: [GROUP_READ, OTHERS_EXECUTE, OTHERS_READ, OWNER_EXECUTE, OWNER_WRITE, OWNER_READ, GROUP_EXECUTE]
Screenshot saved to: /app/Captcha_ScreenShot/captcha.png
Captcha solved: erqky
Downloaded file deleted successfully.
Downloaded file deleted successfully.
Downloaded file deleted successfully.
Script run count: 18
Username : Thunder
Password : Gurme@123
Parent directory exists: true
File exists: true
Current permissions: [GROUP_READ, OTHERS_EXECUTE, OTHERS_READ, OWNER_EXECUTE, OWNER_WRITE, OWNER_READ, GROUP_EXECUTE]
Screenshot saved to: /app/Captcha_ScreenShot/captcha.png
Captcha solved: gbqvm
Downloaded file deleted successfully.
Downloaded file deleted successfully.
Downloaded file deleted successfully.
Script run count: 19
Username : akashh3
Password : Dream@9556
Parent directory exists: true
File exists: true
Current permissions: [GROUP_READ, OTHERS_EXECUTE, OTHERS_READ, OWNER_EXECUTE, OWNER_WRITE, OWNER_READ, GROUP_EXECUTE]
Screenshot saved to: /app/Captcha_ScreenShot/captcha.png
Captcha solved: ildce
Downloaded file deleted successfully.
Downloaded file deleted successfully.
Downloaded file deleted successfully.
Script run count: 20
Username : Thunder
Password : Gurme@123
Parent directory exists: true
File exists: true
Current permissions: [GROUP_READ, OTHERS_EXECUTE, OTHERS_READ, OWNER_EXECUTE, OWNER_WRITE, OWNER_READ, GROUP_EXECUTE]
Screenshot saved to: /app/Captcha_ScreenShot/captcha.png
Captcha solved: uchea
Downloaded file deleted successfully.
Downloaded file deleted successfully.
Downloaded file deleted successfully.
Script run count: 21
Username : akashh3
Password : Dream@9556
Parent directory exists: true
File exists: true
Current permissions: [GROUP_READ, OTHERS_EXECUTE, OTHERS_READ, OWNER_EXECUTE, OWNER_WRITE, OWNER_READ, GROUP_EXECUTE]
Screenshot saved to: /app/Captcha_ScreenShot/captcha.png
Captcha solved: aclhp
Downloaded file deleted successfully.
Downloaded file deleted successfully.
Downloaded file deleted successfully.
Script run count: 22
Username : Thunder
Password : Gurme@123
Parent directory exists: true
File exists: true
Current permissions: [GROUP_READ, OTHERS_EXECUTE, OTHERS_READ, OWNER_EXECUTE, OWNER_WRITE, OWNER_READ, GROUP_EXECUTE]
Screenshot saved to: /app/Captcha_ScreenShot/captcha.png
Captcha solved: mijgn
Downloaded file deleted successfully.
Downloaded file deleted successfully.
Downloaded file deleted successfully.
Script run count: 23
Username : akashh3
Password : Dream@9556
Parent directory exists: true
File exists: true
Current permissions: [GROUP_READ, OTHERS_EXECUTE, OTHERS_READ, OWNER_EXECUTE, OWNER_WRITE, OWNER_READ, GROUP_EXECUTE]
Screenshot saved to: /app/Captcha_ScreenShot/captcha.png
Captcha solved: rfrgi
Downloaded file deleted successfully.
Downloaded file deleted successfully.
Downloaded file deleted successfully.
Script run count: 24
Username : Thunder
Password : Gurme@123
Parent directory exists: true
File exists: true
Current permissions: [GROUP_READ, OTHERS_EXECUTE, OTHERS_READ, OWNER_EXECUTE, OWNER_WRITE, OWNER_READ, GROUP_EXECUTE]
Screenshot saved to: /app/Captcha_ScreenShot/captcha.png
Captcha solved: ZRYUV
Downloaded file deleted successfully.
Downloaded file deleted successfully.
Downloaded file deleted successfully.
Script run count: 25
Username : akashh3
Password : Dream@9556
Parent directory exists: true
File exists: true
Current permissions: [GROUP_READ, OTHERS_EXECUTE, OTHERS_READ, OWNER_EXECUTE, OWNER_WRITE, OWNER_READ, GROUP_EXECUTE]
Screenshot saved to: /app/Captcha_ScreenShot/captcha.png
Captcha solved: caeeu
Downloaded file deleted successfully.
Downloaded file deleted successfully.
Downloaded file deleted successfully.
Script run count: 26
Username : Thunder
Password : Gurme@123
Parent directory exists: true
File exists: true
Current permissions: [GROUP_READ, OTHERS_EXECUTE, OTHERS_READ, OWNER_EXECUTE, OWNER_WRITE, OWNER_READ, GROUP_EXECUTE]
Screenshot saved to: /app/Captcha_ScreenShot/captcha.png
Captcha solved: qyhqe
Script run count: 27
Username : akashh3
Password : Dream@9556
Parent directory exists: true
File exists: true
Current permissions: [GROUP_READ, OTHERS_EXECUTE, OTHERS_READ, OWNER_EXECUTE, OWNER_WRITE, OWNER_READ, GROUP_EXECUTE]
Screenshot saved to: /app/Captcha_ScreenShot/captcha.png
Captcha solved: kmnji
Downloaded file deleted successfully.
Downloaded file deleted successfully.
Downloaded file deleted successfully.
Script run count: 28
Username : Thunder
Password : Gurme@123
Parent directory exists: true
File exists: true
Current permissions: [GROUP_READ, OTHERS_EXECUTE, OTHERS_READ, OWNER_EXECUTE, OWNER_WRITE, OWNER_READ, GROUP_EXECUTE]
Screenshot saved to: /app/Captcha_ScreenShot/captcha.png
Captcha solved: nkjwn
Downloaded file deleted successfully.
Downloaded file deleted successfully.
Downloaded file deleted successfully.
Script run count: 29
Username : akashh3
Password : Dream@9556
Parent directory exists: true
File exists: true
Current permissions: [GROUP_READ, OTHERS_EXECUTE, OTHERS_READ, OWNER_EXECUTE, OWNER_WRITE, OWNER_READ, GROUP_EXECUTE]
Screenshot saved to: /app/Captcha_ScreenShot/captcha.png
Captcha solved: tyysr
Downloaded file deleted successfully.
Downloaded file deleted successfully.
Downloaded file deleted successfully.
Script run count: 30
Username : Thunder
Password : Gurme@123
Parent directory exists: true
File exists: true
Current permissions: [GROUP_READ, OTHERS_EXECUTE, OTHERS_READ, OWNER_EXECUTE, OWNER_WRITE, OWNER_READ, GROUP_EXECUTE]
Screenshot saved to: /app/Captcha_ScreenShot/captcha.png
Captcha solved: ALVDZ
Downloaded file deleted successfully.
Downloaded file deleted successfully.
Downloaded file deleted successfully.
Script run count: 31
Username : akashh3
Password : Dream@9556
Parent directory exists: true
File exists: true
Current permissions: [GROUP_READ, OTHERS_EXECUTE, OTHERS_READ, OWNER_EXECUTE, OWNER_WRITE, OWNER_READ, GROUP_EXECUTE]
Screenshot saved to: /app/Captcha_ScreenShot/captcha.png
Captcha solved: sssnm
Downloaded file deleted successfully.
Downloaded file deleted successfully.
Downloaded file deleted successfully.
Script run count: 32
Username : Thunder
Password : Gurme@123
Parent directory exists: true
File exists: true
Current permissions: [GROUP_READ, OTHERS_EXECUTE, OTHERS_READ, OWNER_EXECUTE, OWNER_WRITE, OWNER_READ, GROUP_EXECUTE]
Screenshot saved to: /app/Captcha_ScreenShot/captcha.png
Captcha solved: vzcal
Downloaded file deleted successfully.
Downloaded file deleted successfully.
Downloaded file deleted successfully.
Script run count: 33
Username : akashh3
Password : Dream@9556
Parent directory exists: true
File exists: true
Current permissions: [GROUP_READ, OTHERS_EXECUTE, OTHERS_READ, OWNER_EXECUTE, OWNER_WRITE, OWNER_READ, GROUP_EXECUTE]
Screenshot saved to: /app/Captcha_ScreenShot/captcha.png
Captcha solved: gwdkk
Downloaded file deleted successfully.
Downloaded file deleted successfully.
Downloaded file deleted successfully.
Script run count: 34
Username : Thunder
Password : Gurme@123
Parent directory exists: true
File exists: true
Current permissions: [GROUP_READ, OTHERS_EXECUTE, OTHERS_READ, OWNER_EXECUTE, OWNER_WRITE, OWNER_READ, GROUP_EXECUTE]
Screenshot saved to: /app/Captcha_ScreenShot/captcha.png
Captcha solved: rtann
Downloaded file deleted successfully.
Downloaded file deleted successfully.
Downloaded file deleted successfully.
Script run count: 35
Username : akashh3
Password : Dream@9556
Parent directory exists: true
File exists: true
Current permissions: [GROUP_READ, OTHERS_EXECUTE, OTHERS_READ, OWNER_EXECUTE, OWNER_WRITE, OWNER_READ, GROUP_EXECUTE]
Screenshot saved to: /app/Captcha_ScreenShot/captcha.png
Captcha solved: imsze
Downloaded file deleted successfully.
Downloaded file deleted successfully.
Downloaded file deleted successfully.
Script run count: 36
Username : Thunder
Password : Gurme@123
Parent directory exists: true
File exists: true
Current permissions: [GROUP_READ, OTHERS_EXECUTE, OTHERS_READ, OWNER_EXECUTE, OWNER_WRITE, OWNER_READ, GROUP_EXECUTE]
Screenshot saved to: /app/Captcha_ScreenShot/captcha.png
Captcha solved: gvdjr
Downloaded file deleted successfully.
Downloaded file deleted successfully.
Downloaded file deleted successfully.
Script run count: 37
Username : akashh3
Password : Dream@9556
Parent directory exists: true
File exists: true
Current permissions: [GROUP_READ, OTHERS_EXECUTE, OTHERS_READ, OWNER_EXECUTE, OWNER_WRITE, OWNER_READ, GROUP_EXECUTE]
Screenshot saved to: /app/Captcha_ScreenShot/captcha.png
Captcha solved: uvbzr
Downloaded file deleted successfully.
Downloaded file deleted successfully.
Downloaded file deleted successfully.
Script run count: 38
Username : Thunder
Password : Gurme@123
Parent directory exists: true
File exists: true
Current permissions: [GROUP_READ, OTHERS_EXECUTE, OTHERS_READ, OWNER_EXECUTE, OWNER_WRITE, OWNER_READ, GROUP_EXECUTE]
Screenshot saved to: /app/Captcha_ScreenShot/captcha.png
Captcha solved: qmkuw
Downloaded file deleted successfully.
Downloaded file deleted successfully.
Downloaded file deleted successfully.
Script run count: 39
Username : akashh3
Password : Dream@9556
Parent directory exists: true
File exists: true
Current permissions: [GROUP_READ, OTHERS_EXECUTE, OTHERS_READ, OWNER_EXECUTE, OWNER_WRITE, OWNER_READ, GROUP_EXECUTE]
Screenshot saved to: /app/Captcha_ScreenShot/captcha.png
Captcha solved: dfmbc
Downloaded file deleted successfully.
Downloaded file deleted successfully.
Downloaded file deleted successfully.
Script run count: 40
Username : Thunder
Password : Gurme@123
Parent directory exists: true
File exists: true
Current permissions: [GROUP_READ, OTHERS_EXECUTE, OTHERS_READ, OWNER_EXECUTE, OWNER_WRITE, OWNER_READ, GROUP_EXECUTE]
Screenshot saved to: /app/Captcha_ScreenShot/captcha.png
Captcha solved: ngvvc
Downloaded file deleted successfully.
Downloaded file deleted successfully.
Downloaded file deleted successfully.
Script run count: 41
Username : akashh3
Password : Dream@9556
Parent directory exists: true
File exists: true
Current permissions: [GROUP_READ, OTHERS_EXECUTE, OTHERS_READ, OWNER_EXECUTE, OWNER_WRITE, OWNER_READ, GROUP_EXECUTE]
Screenshot saved to: /app/Captcha_ScreenShot/captcha.png
Captcha solved: bpdhg
Downloaded file deleted successfully.
Downloaded file deleted successfully.
Downloaded file deleted successfully.
Script run count: 42
Username : Thunder
Password : Gurme@123
Parent directory exists: true
File exists: true
Current permissions: [GROUP_READ, OTHERS_EXECUTE, OTHERS_READ, OWNER_EXECUTE, OWNER_WRITE, OWNER_READ, GROUP_EXECUTE]
Screenshot saved to: /app/Captcha_ScreenShot/captcha.png
Captcha solved: qnsag
Downloaded file deleted successfully.
Downloaded file deleted successfully.
Downloaded file deleted successfully.
Script run count: 43
Username : akashh3
Password : Dream@9556
Parent directory exists: true
File exists: true
Current permissions: [GROUP_READ, OTHERS_EXECUTE, OTHERS_READ, OWNER_EXECUTE, OWNER_WRITE, OWNER_READ, GROUP_EXECUTE]
Screenshot saved to: /app/Captcha_ScreenShot/captcha.png
Captcha solved: qpfji
Downloaded file deleted successfully.
Downloaded file deleted successfully.
Downloaded file deleted successfully.
Script run count: 44
Username : Thunder
Password : Gurme@123
Parent directory exists: true
File exists: true
Current permissions: [GROUP_READ, OTHERS_EXECUTE, OTHERS_READ, OWNER_EXECUTE, OWNER_WRITE, OWNER_READ, GROUP_EXECUTE]
Screenshot saved to: /app/Captcha_ScreenShot/captcha.png
Captcha solved: MIEPS
Downloaded file deleted successfully.
Downloaded file deleted successfully.
Downloaded file deleted successfully.
Script run count: 45
Username : akashh3
Password : Dream@9556
Parent directory exists: true
File exists: true
Current permissions: [GROUP_READ, OTHERS_EXECUTE, OTHERS_READ, OWNER_EXECUTE, OWNER_WRITE, OWNER_READ, GROUP_EXECUTE]
Screenshot saved to: /app/Captcha_ScreenShot/captcha.png
Captcha solved: mtlvy
Downloaded file deleted successfully.
Downloaded file deleted successfully.
Downloaded file deleted successfully.
Script run count: 46
Username : Thunder
Password : Gurme@123
Parent directory exists: true
File exists: true
Current permissions: [GROUP_READ, OTHERS_EXECUTE, OTHERS_READ, OWNER_EXECUTE, OWNER_WRITE, OWNER_READ, GROUP_EXECUTE]
Screenshot saved to: /app/Captcha_ScreenShot/captcha.png
Captcha solved: frthy
Downloaded file deleted successfully.
Downloaded file deleted successfully.
Downloaded file deleted successfully.
Script run count: 47
Username : akashh3
Password : Dream@9556
Parent directory exists: true
File exists: true
Current permissions: [GROUP_READ, OTHERS_EXECUTE, OTHERS_READ, OWNER_EXECUTE, OWNER_WRITE, OWNER_READ, GROUP_EXECUTE]
Screenshot saved to: /app/Captcha_ScreenShot/captcha.png
Captcha solved: UYPMZ
Downloaded file deleted successfully.
Downloaded file deleted successfully.
Downloaded file deleted successfully.
Script run count: 48
Username : Thunder
Password : Gurme@123
Parent directory exists: true
File exists: true
Current permissions: [GROUP_READ, OTHERS_EXECUTE, OTHERS_READ, OWNER_EXECUTE, OWNER_WRITE, OWNER_READ, GROUP_EXECUTE]
Screenshot saved to: /app/Captcha_ScreenShot/captcha.png
Captcha solved: qylvj
Downloaded file deleted successfully.
Downloaded file deleted successfully.
Downloaded file deleted successfully.
Script run count: 49
Username : akashh3
Password : Dream@9556
Parent directory exists: true
File exists: true
Current permissions: [GROUP_READ, OTHERS_EXECUTE, OTHERS_READ, OWNER_EXECUTE, OWNER_WRITE, OWNER_READ, GROUP_EXECUTE]
Screenshot saved to: /app/Captcha_ScreenShot/captcha.png
Captcha solved: vaipy
Downloaded file deleted successfully.
Downloaded file deleted successfully.
Downloaded file deleted successfully.
Script run count: 50
Username : Thunder
Password : Gurme@123
Parent directory exists: true
File exists: true
Current permissions: [GROUP_READ, OTHERS_EXECUTE, OTHERS_READ, OWNER_EXECUTE, OWNER_WRITE, OWNER_READ, GROUP_EXECUTE]
Screenshot saved to: /app/Captcha_ScreenShot/captcha.png
Captcha solved: fbpse
Downloaded file deleted successfully.
Downloaded file deleted successfully.
Downloaded file deleted successfully.
Script run count: 51
Username : akashh3
Password : Dream@9556
Parent directory exists: true
File exists: true
Current permissions: [GROUP_READ, OTHERS_EXECUTE, OTHERS_READ, OWNER_EXECUTE, OWNER_WRITE, OWNER_READ, GROUP_EXECUTE]
Screenshot saved to: /app/Captcha_ScreenShot/captcha.png
Captcha solved: FJVNY
Downloaded file deleted successfully.
Downloaded file deleted successfully.
Downloaded file deleted successfully.
Script run count: 52
Username : Thunder
Password : Gurme@123
Parent directory exists: true
File exists: true
Current permissions: [GROUP_READ, OTHERS_EXECUTE, OTHERS_READ, OWNER_EXECUTE, OWNER_WRITE, OWNER_READ, GROUP_EXECUTE]
Screenshot saved to: /app/Captcha_ScreenShot/captcha.png
Captcha solved: cmqeb
Downloaded file deleted successfully.
Downloaded file deleted successfully.
Downloaded file deleted successfully.
Script run count: 53
Username : akashh3
Password : Dream@9556
Parent directory exists: true
File exists: true
Current permissions: [GROUP_READ, OTHERS_EXECUTE, OTHERS_READ, OWNER_EXECUTE, OWNER_WRITE, OWNER_READ, GROUP_EXECUTE]
Screenshot saved to: /app/Captcha_ScreenShot/captcha.png
Captcha solved: lheqk
Downloaded file deleted successfully.
Downloaded file deleted successfully.
Downloaded file deleted successfully.
Script run count: 54
Username : Thunder
Password : Gurme@123
Parent directory exists: true
File exists: true
Current permissions: [GROUP_READ, OTHERS_EXECUTE, OTHERS_READ, OWNER_EXECUTE, OWNER_WRITE, OWNER_READ, GROUP_EXECUTE]
Screenshot saved to: /app/Captcha_ScreenShot/captcha.png
Captcha solved: piltg
Downloaded file deleted successfully.
Downloaded file deleted successfully.
Downloaded file deleted successfully.
Script run count: 55
Username : akashh3
Password : Dream@9556
Parent directory exists: true
File exists: true
Current permissions: [GROUP_READ, OTHERS_EXECUTE, OTHERS_READ, OWNER_EXECUTE, OWNER_WRITE, OWNER_READ, GROUP_EXECUTE]
Screenshot saved to: /app/Captcha_ScreenShot/captcha.png
Captcha solved: kfvfm
Downloaded file deleted successfully.
Downloaded file deleted successfully.
Downloaded file deleted successfully.
Script run count: 56
Username : Thunder
Password : Gurme@123
Parent directory exists: true
File exists: true
Current permissions: [GROUP_READ, OTHERS_EXECUTE, OTHERS_READ, OWNER_EXECUTE, OWNER_WRITE, OWNER_READ, GROUP_EXECUTE]
Screenshot saved to: /app/Captcha_ScreenShot/captcha.png
Captcha solved: cbtif
Downloaded file deleted successfully.
Downloaded file deleted successfully.
Downloaded file deleted successfully.
Script run count: 57
Username : akashh3
Password : Dream@9556
Parent directory exists: true
File exists: true
Current permissions: [GROUP_READ, OTHERS_EXECUTE, OTHERS_READ, OWNER_EXECUTE, OWNER_WRITE, OWNER_READ, GROUP_EXECUTE]
Screenshot saved to: /app/Captcha_ScreenShot/captcha.png
Captcha solved: fhrji
Downloaded file deleted successfully.
Downloaded file deleted successfully.
Downloaded file deleted successfully.
Script run count: 58
Username : Thunder
Password : Gurme@123
Parent directory exists: true
File exists: true
Current permissions: [GROUP_READ, OTHERS_EXECUTE, OTHERS_READ, OWNER_EXECUTE, OWNER_WRITE, OWNER_READ, GROUP_EXECUTE]
Screenshot saved to: /app/Captcha_ScreenShot/captcha.png
Captcha solved: jamrk
Downloaded file deleted successfully.
Downloaded file deleted successfully.
Downloaded file deleted successfully.
Script run count: 59
Username : akashh3
Password : Dream@9556
Parent directory exists: true
File exists: true
Current permissions: [GROUP_READ, OTHERS_EXECUTE, OTHERS_READ, OWNER_EXECUTE, OWNER_WRITE, OWNER_READ, GROUP_EXECUTE]
Screenshot saved to: /app/Captcha_ScreenShot/captcha.png
Captcha solved: aplvm
Downloaded file deleted successfully.
Downloaded file deleted successfully.
Downloaded file deleted successfully.
Script run count: 60
Username : Thunder
Password : Gurme@123
Parent directory exists: true
File exists: true
Current permissions: [GROUP_READ, OTHERS_EXECUTE, OTHERS_READ, OWNER_EXECUTE, OWNER_WRITE, OWNER_READ, GROUP_EXECUTE]
Screenshot saved to: /app/Captcha_ScreenShot/captcha.png
Captcha solved: zibck
Downloaded file deleted successfully.
Downloaded file deleted successfully.
Downloaded file deleted successfully.
Script run count: 61
Username : akashh3
Password : Dream@9556
Parent directory exists: true
File exists: true
Current permissions: [GROUP_READ, OTHERS_EXECUTE, OTHERS_READ, OWNER_EXECUTE, OWNER_WRITE, OWNER_READ, GROUP_EXECUTE]
Screenshot saved to: /app/Captcha_ScreenShot/captcha.png
Captcha solved: waqup
Downloaded file deleted successfully.
Downloaded file deleted successfully.
Downloaded file deleted successfully.
Script run count: 62
Username : Thunder
Password : Gurme@123
Parent directory exists: true
File exists: true
Current permissions: [GROUP_READ, OTHERS_EXECUTE, OTHERS_READ, OWNER_EXECUTE, OWNER_WRITE, OWNER_READ, GROUP_EXECUTE]
Screenshot saved to: /app/Captcha_ScreenShot/captcha.png
Captcha solved: qitwl
Downloaded file deleted successfully.
Downloaded file deleted successfully.
Downloaded file deleted successfully.
Script run count: 63
Username : akashh3
Password : Dream@9556
Parent directory exists: true
File exists: true
Current permissions: [GROUP_READ, OTHERS_EXECUTE, OTHERS_READ, OWNER_EXECUTE, OWNER_WRITE, OWNER_READ, GROUP_EXECUTE]
Screenshot saved to: /app/Captcha_ScreenShot/captcha.png
Captcha solved: crwkl
Downloaded file deleted successfully.
Downloaded file deleted successfully.
Downloaded file deleted successfully.
Script run count: 64
Username : Thunder
Password : Gurme@123
Parent directory exists: true
File exists: true
Current permissions: [GROUP_READ, OTHERS_EXECUTE, OTHERS_READ, OWNER_EXECUTE, OWNER_WRITE, OWNER_READ, GROUP_EXECUTE]
Screenshot saved to: /app/Captcha_ScreenShot/captcha.png
Captcha solved: fimps
Downloaded file deleted successfully.
Downloaded file deleted successfully.
Downloaded file deleted successfully.
Script run count: 65
Username : akashh3
Password : Dream@9556
Parent directory exists: true
File exists: true
Current permissions: [GROUP_READ, OTHERS_EXECUTE, OTHERS_READ, OWNER_EXECUTE, OWNER_WRITE, OWNER_READ, GROUP_EXECUTE]
Screenshot saved to: /app/Captcha_ScreenShot/captcha.png
Captcha solved: ibmjt
Downloaded file deleted successfully.
Downloaded file deleted successfully.
Downloaded file deleted successfully.
Script run count: 66
Username : Thunder
Password : Gurme@123
Parent directory exists: true
File exists: true
Current permissions: [GROUP_READ, OTHERS_EXECUTE, OTHERS_READ, OWNER_EXECUTE, OWNER_WRITE, OWNER_READ, GROUP_EXECUTE]
Screenshot saved to: /app/Captcha_ScreenShot/captcha.png
Captcha solved: dhkhi
Downloaded file deleted successfully.
Downloaded file deleted successfully.
Downloaded file deleted successfully.
Script run count: 67
Username : akashh3
Password : Dream@9556
Parent directory exists: true
File exists: true
Current permissions: [GROUP_READ, OTHERS_EXECUTE, OTHERS_READ, OWNER_EXECUTE, OWNER_WRITE, OWNER_READ, GROUP_EXECUTE]
Screenshot saved to: /app/Captcha_ScreenShot/captcha.png
Captcha solved: yzukq
Downloaded file deleted successfully.
Downloaded file deleted successfully.
Downloaded file deleted successfully.
Script run count: 68
Username : Thunder
Password : Gurme@123
Parent directory exists: true
File exists: true
Current permissions: [GROUP_READ, OTHERS_EXECUTE, OTHERS_READ, OWNER_EXECUTE, OWNER_WRITE, OWNER_READ, GROUP_EXECUTE]
Screenshot saved to: /app/Captcha_ScreenShot/captcha.png
Captcha solved: faejj
Downloaded file deleted successfully.
Downloaded file deleted successfully.
Downloaded file deleted successfully.
Script run count: 69
Username : akashh3
Password : Dream@9556
Parent directory exists: true
File exists: true
Current permissions: [GROUP_READ, OTHERS_EXECUTE, OTHERS_READ, OWNER_EXECUTE, OWNER_WRITE, OWNER_READ, GROUP_EXECUTE]
Screenshot saved to: /app/Captcha_ScreenShot/captcha.png
Captcha solved: uuyez
Downloaded file deleted successfully.
Downloaded file deleted successfully.
Downloaded file deleted successfully.
Script run count: 70
Username : Thunder
Password : Gurme@123
Parent directory exists: true
File exists: true
Current permissions: [GROUP_READ, OTHERS_EXECUTE, OTHERS_READ, OWNER_EXECUTE, OWNER_WRITE, OWNER_READ, GROUP_EXECUTE]
Screenshot saved to: /app/Captcha_ScreenShot/captcha.png
Captcha solved: batsc
Downloaded file deleted successfully.
Downloaded file deleted successfully.
Downloaded file deleted successfully.
Script run count: 71
Username : akashh3
Password : Dream@9556
Parent directory exists: true
File exists: true
Current permissions: [GROUP_READ, OTHERS_EXECUTE, OTHERS_READ, OWNER_EXECUTE, OWNER_WRITE, OWNER_READ, GROUP_EXECUTE]
Screenshot saved to: /app/Captcha_ScreenShot/captcha.png
Captcha solved: wiunm
Downloaded file deleted successfully.
Downloaded file deleted successfully.
Downloaded file deleted successfully.
Script run count: 72
Username : Thunder
Password : Gurme@123
Parent directory exists: true
File exists: true
Current permissions: [GROUP_READ, OTHERS_EXECUTE, OTHERS_READ, OWNER_EXECUTE, OWNER_WRITE, OWNER_READ, GROUP_EXECUTE]
Screenshot saved to: /app/Captcha_ScreenShot/captcha.png
Captcha solved: cbrhj
Downloaded file deleted successfully.
Downloaded file deleted successfully.
Downloaded file deleted successfully.
Script run count: 73
Username : akashh3
Password : Dream@9556
Parent directory exists: true
File exists: true
Current permissions: [GROUP_READ, OTHERS_EXECUTE, OTHERS_READ, OWNER_EXECUTE, OWNER_WRITE, OWNER_READ, GROUP_EXECUTE]
Screenshot saved to: /app/Captcha_ScreenShot/captcha.png
Captcha solved: vvrya
Downloaded file deleted successfully.
Downloaded file deleted successfully.
Downloaded file deleted successfully.
Script run count: 74
Username : Thunder
Password : Gurme@123
Parent directory exists: true
File exists: true
Current permissions: [GROUP_READ, OTHERS_EXECUTE, OTHERS_READ, OWNER_EXECUTE, OWNER_WRITE, OWNER_READ, GROUP_EXECUTE]
Screenshot saved to: /app/Captcha_ScreenShot/captcha.png
Captcha solved: bdgue
Downloaded file deleted successfully.
Downloaded file deleted successfully.
Downloaded file deleted successfully.
Script run count: 75
Username : akashh3
Password : Dream@9556
Parent directory exists: true
File exists: true
Current permissions: [GROUP_READ, OTHERS_EXECUTE, OTHERS_READ, OWNER_EXECUTE, OWNER_WRITE, OWNER_READ, GROUP_EXECUTE]
Screenshot saved to: /app/Captcha_ScreenShot/captcha.png
Captcha solved: bmcfz
Downloaded file deleted successfully.
Downloaded file deleted successfully.
Downloaded file deleted successfully.
Script run count: 76
Username : Thunder
Password : Gurme@123
Parent directory exists: true
File exists: true
Current permissions: [GROUP_READ, OTHERS_EXECUTE, OTHERS_READ, OWNER_EXECUTE, OWNER_WRITE, OWNER_READ, GROUP_EXECUTE]
Screenshot saved to: /app/Captcha_ScreenShot/captcha.png
Captcha solved: pqgmz
Downloaded file deleted successfully.
Downloaded file deleted successfully.
Downloaded file deleted successfully.
Script run count: 77
Username : akashh3
Password : Dream@9556
Parent directory exists: true
File exists: true
Current permissions: [GROUP_READ, OTHERS_EXECUTE, OTHERS_READ, OWNER_EXECUTE, OWNER_WRITE, OWNER_READ, GROUP_EXECUTE]
Screenshot saved to: /app/Captcha_ScreenShot/captcha.png
Captcha solved: dnqzy
Downloaded file deleted successfully.
Downloaded file deleted successfully.
Downloaded file deleted successfully.
Script run count: 78
Username : Thunder
Password : Gurme@123
Parent directory exists: true
File exists: true
Current permissions: [GROUP_READ, OTHERS_EXECUTE, OTHERS_READ, OWNER_EXECUTE, OWNER_WRITE, OWNER_READ, GROUP_EXECUTE]
Screenshot saved to: /app/Captcha_ScreenShot/captcha.png
Captcha solved: ctzef
Downloaded file deleted successfully.
Downloaded file deleted successfully.
Downloaded file deleted successfully.
Script run count: 79
Username : akashh3
Password : Dream@9556
Parent directory exists: true
File exists: true
Current permissions: [GROUP_READ, OTHERS_EXECUTE, OTHERS_READ, OWNER_EXECUTE, OWNER_WRITE, OWNER_READ, GROUP_EXECUTE]
Screenshot saved to: /app/Captcha_ScreenShot/captcha.png
Captcha solved: ujgva
Downloaded file deleted successfully.
Downloaded file deleted successfully.
Downloaded file deleted successfully.
Script run count: 80
Username : Thunder
Password : Gurme@123
Parent directory exists: true
File exists: true
Current permissions: [GROUP_READ, OTHERS_EXECUTE, OTHERS_READ, OWNER_EXECUTE, OWNER_WRITE, OWNER_READ, GROUP_EXECUTE]
Screenshot saved to: /app/Captcha_ScreenShot/captcha.png
Captcha solved: qshss
Downloaded file deleted successfully.
Downloaded file deleted successfully.
Downloaded file deleted successfully.
Script run count: 81
Username : akashh3
